<?xml version="1.0" encoding="UTF-8"?>
<!-- Generated by org.testng.reporters.JUnitReportReporter -->
<testsuite hostname="WPUPG15989L" name="pkg_orange_HRM.OrangeHRM_Login_Before_and_After" tests="1" failures="0" timestamp="5 May 2021 05:01:50 GMT" time="145.391" errors="0">
  <testcase name="login_Successful" time="145.391" classname="pkg_orange_HRM.OrangeHRM_Login_Before_and_After"/>
</testsuite> <!-- pkg_orange_HRM.OrangeHRM_Login_Before_and_After -->
