<?xml version="1.0" encoding="UTF-8"?>
<!-- Generated by org.testng.reporters.JUnitReportReporter -->
<testsuite hostname="WPUPG15989L" name="pkg_orange_HRM.Hdfc_Login_masking" tests="1" failures="0" timestamp="5 May 2021 05:01:50 GMT" time="27.092" errors="0">
  <testcase name="login_Successful" time="27.092" classname="pkg_orange_HRM.Hdfc_Login_masking"/>
</testsuite> <!-- pkg_orange_HRM.Hdfc_Login_masking -->
